Arguments: 
  /usr/local/bin/node /usr/local/bin/yarn add @angular/cli:latest -global

PATH: 
  /Library/Frameworks/Python.framework/Versions/3.6/bin:/usr/local/bin:/usr/bin:/bin:/usr/sbin:/sbin:/Library/Java/JavaVirtualMachines/jdk1.8.0_144.jdk/Contents/Home/bin

Yarn version: 
  1.7.0

Node version: 
  8.11.3

Platform: 
  darwin x64

Trace: 
  Error: https://registry.yarnpkg.com/@angular%2fcli:latest: Not found
      at Request.params.callback [as _callback] (/Users/n0118472/.config/yarn/global/node_modules/yarn/lib/cli.js:65656:18)
      at Request.self.callback (/Users/n0118472/.config/yarn/global/node_modules/yarn/lib/cli.js:134675:22)
      at emitTwo (events.js:126:13)
      at Request.emit (events.js:214:7)
      at Request.<anonymous> (/Users/n0118472/.config/yarn/global/node_modules/yarn/lib/cli.js:135658:10)
      at emitOne (events.js:116:13)
      at Request.emit (events.js:211:7)
      at IncomingMessage.<anonymous> (/Users/n0118472/.config/yarn/global/node_modules/yarn/lib/cli.js:135578:12)
      at Object.onceWrapper (events.js:313:30)
      at emitNone (events.js:111:20)

npm manifest: 
  {
    "name": "product-header",
    "version": "0.0.1",
    "scripts": {
      "ng": "ng",
      "start-ng": "ng serve",
      "start": "node server.js",
      "build": "ng build",
      "serve": "http-server --gzip",
      "test": "ng test",
      "lint": "ng lint",
      "e2e": "ng e2e",
      "postinstall": "ng build",
      "build:esm": "gulp inline-templates"
    },
    "private": true,
    "dependencies": {
      "@angular/animations": "^6.0.0",
      "@angular/common": "^6.0.0",
      "@angular/compiler": "^6.0.0",
      "@angular/core": "^6.0.0",
      "@angular/elements": "^6.0.0",
      "@angular/forms": "^6.0.0",
      "@angular/http": "^6.0.0",
      "@angular/platform-browser": "^6.0.0",
      "@angular/platform-browser-dynamic": "^6.0.0",
      "@angular/router": "^6.0.0",
      "bootstrap": "3.3.7",
      "classlist.js": "^1.1.20150312",
      "core-js": "^2.5.4",
      "document-register-element": "^1.7.2",
      "ngx-bootstrap": "^1.8.1",
      "mf-pc": "0.0.7",
      "mf-ph": "0.0.1",
      "mf-pv": "0.0.1",
      "rxjs": "^6.0.0",
      "zone.js": "^0.8.26",
      "font-awesome": "^4.7.0",
      "angular2-fontawesome": "^5.2.1"
    },
    "devDependencies": {
      "@angular-devkit/build-angular": "~0.6.0",
      "@angular/cli": "~6.0.0",
      "@angular/compiler-cli": "^6.0.0",
      "@angular/language-service": "^6.0.0",
      "@types/jasmine": "~2.8.6",
      "@types/jasminewd2": "~2.0.3",
      "@types/node": "~8.9.4",
      "codelyzer": "~4.2.1",
      "http-server": "^0.11.1",
      "jasmine-core": "~2.99.1",
      "jasmine-spec-reporter": "~4.2.1",
      "karma": "~1.7.1",
      "karma-chrome-launcher": "~2.2.0",
      "karma-coverage-istanbul-reporter": "~1.4.2",
      "karma-jasmine": "~1.1.1",
      "karma-jasmine-html-reporter": "^0.2.2",
      "protractor": "~5.3.0",
      "rollup": "~0.59.1",
      "ts-node": "~5.0.1",
      "tslint": "~5.9.1",
      "typescript": "~2.7.2"
    }
  }

yarn manifest: 
  No manifest

Lockfile: 
  No lockfile
